2021-05-10 06:00:36 INFO  TestBase:31 - in TestBase.java
2021-05-10 06:00:40 INFO  TestBase:58 - Starting driver org.openqa.selenium.chrome.ChromeDriver
2021-05-10 06:00:40 INFO  TestBase:31 - in TestBase.java
2021-05-10 06:00:48 INFO  TestBase:71 - Opened URL http://automationpractice.com/index.php?controller=contact
2021-05-10 06:00:48 INFO  TestBase:31 - in TestBase.java
2021-05-10 06:00:57 DEBUG cache:45 - Couldn't find template in cache for "Extent.ftl"("en_US", UTF-8, parsed); will try to load it.
2021-05-10 06:00:57 DEBUG cache:45 - TemplateLoader.findTemplateSource("Extent_en_US.ftl"): Not found
2021-05-10 06:00:57 DEBUG cache:45 - TemplateLoader.findTemplateSource("Extent_en.ftl"): Not found
2021-05-10 06:00:57 DEBUG cache:45 - TemplateLoader.findTemplateSource("Extent.ftl"): Found
2021-05-10 06:00:57 DEBUG cache:45 - Loading template for "Extent.ftl"("en_US", UTF-8, parsed) from "jar:file:/C:/Users/PRAKASH/.m2/repository/com/relevantcodes/extentreports/2.41.2/extentreports-2.41.2.jar!/com/relevantcodes/extentreports/view/Extent.ftl"
2021-05-10 06:00:57 DEBUG cache:45 - Couldn't find template in cache for "Extent.ftl"("en_US", UTF-8, parsed); will try to load it.
2021-05-10 06:00:57 DEBUG cache:45 - TemplateLoader.findTemplateSource("Extent_en_US.ftl"): Not found
2021-05-10 06:00:57 DEBUG cache:45 - TemplateLoader.findTemplateSource("Extent_en.ftl"): Not found
2021-05-10 06:00:57 DEBUG cache:45 - TemplateLoader.findTemplateSource("Extent.ftl"): Found
2021-05-10 06:00:57 DEBUG cache:45 - Loading template for "Extent.ftl"("en_US", UTF-8, parsed) from "jar:file:/C:/Users/PRAKASH/.m2/repository/com/relevantcodes/extentreports/2.41.2/extentreports-2.41.2.jar!/com/relevantcodes/extentreports/view/Extent.ftl"
2021-05-10 07:12:45 INFO  TestBase:31 - in TestBase.java
2021-05-10 07:12:48 INFO  TestBase:65 - Starting driver org.openqa.selenium.chrome.ChromeDriver
2021-05-10 07:12:48 INFO  TestBase:31 - in TestBase.java
2021-05-10 07:13:10 INFO  TestBase:78 - Opened URL http://automationpractice.com/index.php?controller=contact
2021-05-10 07:13:10 INFO  TestBase:31 - in TestBase.java
2021-05-10 07:13:27 DEBUG cache:45 - Couldn't find template in cache for "Extent.ftl"("en_US", UTF-8, parsed); will try to load it.
2021-05-10 07:13:27 DEBUG cache:45 - TemplateLoader.findTemplateSource("Extent_en_US.ftl"): Not found
2021-05-10 07:13:27 DEBUG cache:45 - TemplateLoader.findTemplateSource("Extent_en.ftl"): Not found
2021-05-10 07:13:27 DEBUG cache:45 - TemplateLoader.findTemplateSource("Extent.ftl"): Found
2021-05-10 07:13:27 DEBUG cache:45 - Loading template for "Extent.ftl"("en_US", UTF-8, parsed) from "jar:file:/C:/Users/PRAKASH/.m2/repository/com/relevantcodes/extentreports/2.41.2/extentreports-2.41.2.jar!/com/relevantcodes/extentreports/view/Extent.ftl"
2021-05-10 07:13:28 DEBUG cache:45 - Couldn't find template in cache for "Extent.ftl"("en_US", UTF-8, parsed); will try to load it.
2021-05-10 07:13:28 DEBUG cache:45 - TemplateLoader.findTemplateSource("Extent_en_US.ftl"): Not found
2021-05-10 07:13:28 DEBUG cache:45 - TemplateLoader.findTemplateSource("Extent_en.ftl"): Not found
2021-05-10 07:13:28 DEBUG cache:45 - TemplateLoader.findTemplateSource("Extent.ftl"): Found
2021-05-10 07:13:28 DEBUG cache:45 - Loading template for "Extent.ftl"("en_US", UTF-8, parsed) from "jar:file:/C:/Users/PRAKASH/.m2/repository/com/relevantcodes/extentreports/2.41.2/extentreports-2.41.2.jar!/com/relevantcodes/extentreports/view/Extent.ftl"
2021-05-10 07:16:30 INFO  TestBase:31 - in TestBase.java
2021-05-10 07:16:33 INFO  TestBase:65 - Starting driver org.openqa.selenium.chrome.ChromeDriver
2021-05-10 07:16:33 INFO  TestBase:31 - in TestBase.java
2021-05-10 07:16:46 INFO  TestBase:78 - Opened URL http://automationpractice.com/index.php?controller=contact
2021-05-10 07:16:46 INFO  TestBase:31 - in TestBase.java
2021-05-10 07:16:56 DEBUG cache:45 - Couldn't find template in cache for "Extent.ftl"("en_US", UTF-8, parsed); will try to load it.
2021-05-10 07:16:56 DEBUG cache:45 - TemplateLoader.findTemplateSource("Extent_en_US.ftl"): Not found
2021-05-10 07:16:56 DEBUG cache:45 - TemplateLoader.findTemplateSource("Extent_en.ftl"): Not found
2021-05-10 07:16:56 DEBUG cache:45 - TemplateLoader.findTemplateSource("Extent.ftl"): Found
2021-05-10 07:16:56 DEBUG cache:45 - Loading template for "Extent.ftl"("en_US", UTF-8, parsed) from "jar:file:/C:/Users/PRAKASH/.m2/repository/com/relevantcodes/extentreports/2.41.2/extentreports-2.41.2.jar!/com/relevantcodes/extentreports/view/Extent.ftl"
2021-05-10 07:16:57 DEBUG cache:45 - Couldn't find template in cache for "Extent.ftl"("en_US", UTF-8, parsed); will try to load it.
2021-05-10 07:16:57 DEBUG cache:45 - TemplateLoader.findTemplateSource("Extent_en_US.ftl"): Not found
2021-05-10 07:16:57 DEBUG cache:45 - TemplateLoader.findTemplateSource("Extent_en.ftl"): Not found
2021-05-10 07:16:57 DEBUG cache:45 - TemplateLoader.findTemplateSource("Extent.ftl"): Found
2021-05-10 07:16:57 DEBUG cache:45 - Loading template for "Extent.ftl"("en_US", UTF-8, parsed) from "jar:file:/C:/Users/PRAKASH/.m2/repository/com/relevantcodes/extentreports/2.41.2/extentreports-2.41.2.jar!/com/relevantcodes/extentreports/view/Extent.ftl"
